#
# There is insufficient memory for the Java Runtime Environment to continue.
# Native memory allocation (mmap) failed to map 232783872 bytes for G1 virtual space
# Possible reasons:
#   The system is out of physical RAM or swap space
#   The process is running with CompressedOops enabled, and the Java Heap may be blocking the growth of the native heap
# Possible solutions:
#   Reduce memory load on the system
#   Increase physical memory or swap space
#   Check if swap backing store is full
#   Decrease Java heap size (-Xmx/-Xms)
#   Decrease number of Java threads
#   Decrease Java thread stack sizes (-Xss)
#   Set larger code cache with -XX:ReservedCodeCacheSize=
#   JVM is running with Zero Based Compressed Oops mode in which the Java heap is
#     placed in the first 32GB address space. The Java Heap base address is the
#     maximum limit for the native heap growth. Please use -XX:HeapBaseMinAddress
#     to set the Java Heap base and to place the Java Heap above 32GB virtual address.
# This output file may be truncated or incomplete.
#
#  Out of Memory Error (os_windows.cpp:3825), pid=37524, tid=46276
#
# JRE version:  (17.0.9+7) (build )
# Java VM: OpenJDK 64-Bit Server VM (17.0.9+7-b1000.46, mixed mode, sharing, tiered, compressed oops, compressed class ptrs, g1 gc, windows-amd64)
# No core dump will be written. Minidumps are not enabled by default on client versions of Windows
#

---------------  S U M M A R Y ------------

Command Line: git4idea.http.GitAskPassApp Username for 'https://github.com': 

Host: AMD Ryzen 3 5300U with Radeon Graphics         , 8 cores, 13G,  Windows 11 , 64 bit Build 22621 (10.0.22621.2506)
Time: Fri Mar 29 14:37:08 2024 India Standard Time elapsed time: 0.014348 seconds (0d 0h 0m 0s)

---------------  T H R E A D  ---------------

Current thread (0x000001f95f4df990):  JavaThread "Unknown thread" [_thread_in_vm, id=46276, stack(0x000000266db00000,0x000000266dc00000)]

Stack: [0x000000266db00000,0x000000266dc00000]
Native frames: (J=compiled Java code, j=interpreted, Vv=VM code, C=native code)
V  [jvm.dll+0x6886e9]
V  [jvm.dll+0x841e4a]
V  [jvm.dll+0x843a8e]
V  [jvm.dll+0x8440f3]
V  [jvm.dll+0x24c14f]
V  [jvm.dll+0x685499]
V  [jvm.dll+0x679c2a]
V  [jvm.dll+0x30cf9b]
V  [jvm.dll+0x314446]
V  [jvm.dll+0x36425e]
V  [jvm.dll+0x36448f]
V  [jvm.dll+0x2e2d68]
V  [jvm.dll+0x2e3cd4]
V  [jvm.dll+0x8129f1]
V  [jvm.dll+0x3720c1]
V  [jvm.dll+0x7f152c]
V  [jvm.dll+0x3f5d4f]
V  [jvm.dll+0x3f7981]
C  [jli.dll+0x528f]
C  [ucrtbase.dll+0x29363]
C  [KERNEL32.DLL+0x1257d]
C  [ntdll.dll+0x5aa58]


---------------  P R O C E S S  ---------------

Threads class SMR info:
_java_thread_list=0x00007ffb6bf6ef18, length=0, elements={
}

Java Threads: ( => current thread )

Other Threads:
  0x000001f95f5410f0 GCTaskThread "GC Thread#0" [stack: 0x000000266dc00000,0x000000266dd00000] [id=7484]
  0x000001f95f550590 ConcurrentGCThread "G1 Main Marker" [stack: 0x000000266dd00000,0x000000266de00000] [id=24276]
  0x000001f95f552ee0 ConcurrentGCThread "G1 Conc#0" [stack: 0x000000266de00000,0x000000266df00000] [id=38288]

[error occurred during error reporting (printing all threads), id 0xc0000005, EXCEPTION_ACCESS_VIOLATION (0xc0000005) at pc=0x00007ffb6b723937]

VM state: not at safepoint (not fully initialized)

VM Mutex/Monitor currently owned by a thread:  ([mutex/lock_event])
[0x000001f95f4d9610] Heap_lock - owner thread: 0x000001f95f4df990

Heap address: 0x0000000722c00000, size: 3540 MB, Compressed Oops mode: Zero based, Oop shift amount: 3

CDS archive(s) mapped at: [0x0000000000000000-0x0000000000000000-0x0000000000000000), size 0, SharedBaseAddress: 0x0000000800000000, ArchiveRelocationMode: 1.
Narrow klass base: 0x0000000000000000, Narrow klass shift: 0, Narrow klass range: 0x0

GC Precious Log:
<Empty>

Heap:
 garbage-first heap   total 0K, used 0K [0x0000000722c00000, 0x0000000800000000)
  region size 2048K, 0 young (0K), 0 survivors (0K)
 Metaspace       used 0K, committed 0K, reserved 0K
  class space    used 0K, committed 0K, reserved 0K

Heap Regions: E=young(eden), S=young(survivor), O=old, HS=humongous(starts), HC=humongous(continues), CS=collection set, F=free, OA=open archive, CA=closed archive, TAMS=top-at-mark-start (previous, next)

Card table byte_map: [0x000001f972670000,0x000001f972d60000] _byte_map_base: 0x000001f96ed5a000

Marking Bits (Prev, Next): (CMBitMap*) 0x000001f95f541710, (CMBitMap*) 0x000001f95f541750
 Prev Bits: [0x000001f973450000, 0x000001f976ba0000)
 Next Bits: [0x000001f976ba0000, 0x000001f97a2f0000)

GC Heap History (0 events):
No events

Dll operation events (1 events):
Event: 0.010 Loaded shared library C:\Program Files\JetBrains\IntelliJ IDEA Community Edition 2023.2.4\jbr\bin\java.dll

Deoptimization events (0 events):
No events

Classes unloaded (0 events):
No events

Classes redefined (0 events):
No events

Internal exceptions (0 events):
No events

VM Operations (0 events):
No events

Events (0 events):
No events


Dynamic libraries:
0x00007ff605bc0000 - 0x00007ff605bca000 	C:\Program Files\JetBrains\IntelliJ IDEA Community Edition 2023.2.4\jbr\bin\java.exe
0x00007ffbef750000 - 0x00007ffbef967000 	C:\WINDOWS\SYSTEM32\ntdll.dll
0x00007ffbeedb0000 - 0x00007ffbeee74000 	C:\WINDOWS\System32\KERNEL32.DLL
0x00007ffbecc80000 - 0x00007ffbed026000 	C:\WINDOWS\System32\KERNELBASE.dll
0x00007ffbed030000 - 0x00007ffbed141000 	C:\WINDOWS\System32\ucrtbase.dll
0x00007ffbda350000 - 0x00007ffbda36b000 	C:\Program Files\JetBrains\IntelliJ IDEA Community Edition 2023.2.4\jbr\bin\VCRUNTIME140.dll
0x00007ffbd0180000 - 0x00007ffbd0197000 	C:\Program Files\JetBrains\IntelliJ IDEA Community Edition 2023.2.4\jbr\bin\jli.dll
0x00007ffbef090000 - 0x00007ffbef23e000 	C:\WINDOWS\System32\USER32.dll
0x00007ffbce100000 - 0x00007ffbce393000 	C:\WINDOWS\WinSxS\amd64_microsoft.windows.common-controls_6595b64144ccf1df_6.0.22621.2506_none_270c5ae97388e100\COMCTL32.dll
0x00007ffbecc20000 - 0x00007ffbecc46000 	C:\WINDOWS\System32\win32u.dll
0x00007ffbef240000 - 0x00007ffbef2e7000 	C:\WINDOWS\System32\msvcrt.dll
0x00007ffbeee80000 - 0x00007ffbeeea9000 	C:\WINDOWS\System32\GDI32.dll
0x00007ffbeca90000 - 0x00007ffbecba8000 	C:\WINDOWS\System32\gdi32full.dll
0x00007ffbed150000 - 0x00007ffbed1ea000 	C:\WINDOWS\System32\msvcp_win.dll
0x00007ffbeeeb0000 - 0x00007ffbeeee1000 	C:\WINDOWS\System32\IMM32.DLL
0x00007ffbde640000 - 0x00007ffbde64c000 	C:\Program Files\JetBrains\IntelliJ IDEA Community Edition 2023.2.4\jbr\bin\vcruntime140_1.dll
0x00007ffbb5e50000 - 0x00007ffbb5edd000 	C:\Program Files\JetBrains\IntelliJ IDEA Community Edition 2023.2.4\jbr\bin\msvcp140.dll
0x00007ffb6b430000 - 0x00007ffb6c0b3000 	C:\Program Files\JetBrains\IntelliJ IDEA Community Edition 2023.2.4\jbr\bin\server\jvm.dll
0x00007ffbed7e0000 - 0x00007ffbed893000 	C:\WINDOWS\System32\ADVAPI32.dll
0x00007ffbee930000 - 0x00007ffbee9d8000 	C:\WINDOWS\System32\sechost.dll
0x00007ffbecc50000 - 0x00007ffbecc78000 	C:\WINDOWS\System32\bcrypt.dll
0x00007ffbed6c0000 - 0x00007ffbed7d7000 	C:\WINDOWS\System32\RPCRT4.dll
0x00007ffbcb170000 - 0x00007ffbcb179000 	C:\WINDOWS\SYSTEM32\WSOCK32.dll
0x00007ffbe5410000 - 0x00007ffbe5444000 	C:\WINDOWS\SYSTEM32\WINMM.dll
0x00007ffbe3520000 - 0x00007ffbe352a000 	C:\WINDOWS\SYSTEM32\VERSION.dll
0x00007ffbef010000 - 0x00007ffbef081000 	C:\WINDOWS\System32\WS2_32.dll
0x00007ffbec7b0000 - 0x00007ffbec7fd000 	C:\WINDOWS\SYSTEM32\POWRPROF.dll
0x00007ffbec790000 - 0x00007ffbec7a3000 	C:\WINDOWS\SYSTEM32\UMPDC.dll
0x00007ffbebac0000 - 0x00007ffbebad8000 	C:\WINDOWS\SYSTEM32\kernel.appcore.dll
0x00007ffbe62b0000 - 0x00007ffbe62ba000 	C:\Program Files\JetBrains\IntelliJ IDEA Community Edition 2023.2.4\jbr\bin\jimage.dll
0x00007ffbea440000 - 0x00007ffbea673000 	C:\WINDOWS\SYSTEM32\DBGHELP.DLL
0x00007ffbef2f0000 - 0x00007ffbef679000 	C:\WINDOWS\System32\combase.dll
0x00007ffbed9a0000 - 0x00007ffbeda77000 	C:\WINDOWS\System32\OLEAUT32.dll
0x00007ffbdf260000 - 0x00007ffbdf292000 	C:\WINDOWS\SYSTEM32\dbgcore.DLL
0x00007ffbed420000 - 0x00007ffbed49a000 	C:\WINDOWS\System32\bcryptPrimitives.dll
0x00007ffbda6a0000 - 0x00007ffbda6c5000 	C:\Program Files\JetBrains\IntelliJ IDEA Community Edition 2023.2.4\jbr\bin\java.dll

dbghelp: loaded successfully - version: 4.0.5 - missing functions: none
symbol engine: initialized successfully - sym options: 0x614 - pdb path: .;C:\Program Files\JetBrains\IntelliJ IDEA Community Edition 2023.2.4\jbr\bin;C:\WINDOWS\SYSTEM32;C:\WINDOWS\WinSxS\amd64_microsoft.windows.common-controls_6595b64144ccf1df_6.0.22621.2506_none_270c5ae97388e100;C:\Program Files\JetBrains\IntelliJ IDEA Community Edition 2023.2.4\jbr\bin\server

VM Arguments:
java_command: git4idea.http.GitAskPassApp Username for 'https://github.com': 
java_class_path (initial): C:/Program Files/JetBrains/IntelliJ IDEA Community Edition 2023.2.4/plugins/vcs-git/lib/git4idea-rt.jar;C:/Program Files/JetBrains/IntelliJ IDEA Community Edition 2023.2.4/lib/externalProcess-rt.jar
Launcher Type: SUN_STANDARD

[Global flags]
     intx CICompilerCount                          = 4                                         {product} {ergonomic}
     uint ConcGCThreads                            = 2                                         {product} {ergonomic}
     uint G1ConcRefinementThreads                  = 8                                         {product} {ergonomic}
   size_t G1HeapRegionSize                         = 2097152                                   {product} {ergonomic}
    uintx GCDrainStackTargetSize                   = 64                                        {product} {ergonomic}
   size_t InitialHeapSize                          = 232783872                                 {product} {ergonomic}
   size_t MarkStackSize                            = 4194304                                   {product} {ergonomic}
   size_t MaxHeapSize                              = 3711959040                                {product} {ergonomic}
   size_t MinHeapDeltaBytes                        = 2097152                                   {product} {ergonomic}
   size_t MinHeapSize                              = 8388608                                   {product} {ergonomic}
    uintx NonNMethodCodeHeapSize                   = 5839372                                {pd product} {ergonomic}
    uintx NonProfiledCodeHeapSize                  = 122909434                              {pd product} {ergonomic}
    uintx ProfiledCodeHeapSize                     = 122909434                              {pd product} {ergonomic}
    uintx ReservedCodeCacheSize                    = 251658240                              {pd product} {ergonomic}
     bool SegmentedCodeCache                       = true                                      {product} {ergonomic}
   size_t SoftMaxHeapSize                          = 3711959040                             {manageable} {ergonomic}
     bool UseCompressedClassPointers               = true                           {product lp64_product} {ergonomic}
     bool UseCompressedOops                        = true                           {product lp64_product} {ergonomic}
     bool UseG1GC                                  = true                                      {product} {ergonomic}
     bool UseLargePagesIndividualAllocation        = false                                  {pd product} {ergonomic}

Logging:
Log output configuration:
 #0: stdout all=warning uptime,level,tags
 #1: stderr all=off uptime,level,tags

Environment Variables:
JAVA_HOME=C:\Program Files\OpenJDK\jdk-19.0.1
PATH=C:\Program Files\Git\mingw64\libexec\git-core;C:\Program Files\Git\mingw64\libexec\git-core;C:\Program Files\Git\mingw64\bin;C:\Program Files\Git\usr\bin;C:\Users\prabh\bin;C:\WINDOWS\system32;C:\WINDOWS;C:\WINDOWS\System32\Wbem;C:\WINDOWS\System32\WindowsPowerShell\v1.0;C:\WINDOWS\System32\OpenSSH;C:\ProgramData\chocolatey\bin;C:\Program Files\OpenJDK\jdk-19.0.1\bin;C:\Users\prabh\AppData\Local\Android\Sdk\platform-tools;C:\Users\prabh\AppData\Roaming\nvm;C:\Program Files\nodejs;D:\wamp64\bin\php\php7.4.33;C:\ProgramData\ComposerSetup\bin;C:\Program Files\Docker\Docker\resources\bin;C:\Program Files\Git\cmd;C:\Program Files\nodejs;C:\Program Files (x86)\Microsoft SQL Server\160\Tools\Binn;C:\Program Files\Microsoft SQL Server\160\Tools\Binn;C:\Program Files\Microsoft SQL Server\Client SDK\ODBC\170\Tools\Binn;C:\Program Files\Microsoft SQL Server\160\DTS\Binn;C:\Program Files (x86)\Microsoft SQL Server\160\DTS\Binn;C:\Program Files\Azure Data Studio\bin;C:\Program Files\Microsoft SQL Server\150\Tools\Binn;C:\Program Files\dotnet;C:\Program Files\PuTTY;C:\Program Files\OpenJDK\jdk-19.0.1\bin;C:\Users\prabh\AppData\Local\Microsoft\WindowsApps;C:\Users\prabh\AppData\Local\Programs\Microsoft VS Code\bin;C:\Users\prabh\AppData\Local\Android\Sdk\platform-tools;C:\Users\prabh\AppData\Roaming\nvm;C:\Program Files\nodejs;C:\Users\prabh\AppData\Roaming\Composer\vendor\bin;D:\Program Files\JetBrains\IntelliJ IDEA 2022.3.3\bin;D:\wamp64\bin\mysql\mysql8.0.31\bin;C:\Program Files\JetBrains\DataGrip 2023.1.2\bin;C:\Users\prabh\AppData\Roaming\npm;D:\wamp64\bin\php\php7.4.33;C:\Program Files\Azure Data Studio\bin;C:\Users\prabh\.dotnet\tools;C:\Program Files\JetBrains\PyCharm Community Edition 2023.2\bin;C:\Program Files\OpenJDK\jdk-19.0.1\bin;C:\Users\prabh\AppData\Local\GitHubDesktop\bin;D:\programming\developmentKit\apache-maven-3.9.5\bin;C:\Program Files\OpenJDK\jdk-19.0.1\bin;C:\Program Files\JetBrains\IntelliJ IDEA Community Edition 2023.2.4\bin
USERNAME=prabh
DISPLAY=:0.0
LC_ALL=en_US.UTF-8
TERM=xterm-256color
TMPDIR=C:\Users\prabh\AppData\Local\Temp
OS=Windows_NT
PROCESSOR_IDENTIFIER=AMD64 Family 23 Model 104 Stepping 1, AuthenticAMD
TMP=C:\Users\prabh\AppData\Local\Temp
TEMP=C:\Users\prabh\AppData\Local\Temp



Periodic native trim disabled

JNI global refs:
JNI global refs: 0, weak refs: 0

JNI global refs memory usage: 0, weak refs: 0

OOME stack traces (most recent first):
Classloader memory used:


---------------  S Y S T E M  ---------------

OS:
 Windows 11 , 64 bit Build 22621 (10.0.22621.2506)
OS uptime: 60 days 21:55 hours
Hyper-V role detected

CPU: total 8 (initial active 8) (8 cores per cpu, 2 threads per core) family 23 model 104 stepping 1 microcode 0x0, cx8, cmov, fxsr, ht, mmx, 3dnowpref, sse, sse2, sse3, ssse3, sse4a, sse4.1, sse4.2, popcnt, lzcnt, tsc, tscinvbit, avx, avx2, aes, clmul, bmi1, bmi2, adx, sha, fma, vzeroupper, clflush, clflushopt, hv
Processor Information for processor 0
  Max Mhz: 2600, Current Mhz: 2003, Mhz Limit: 2600
Processor Information for processor 1
  Max Mhz: 2600, Current Mhz: 2600, Mhz Limit: 2600
Processor Information for processor 2
  Max Mhz: 2600, Current Mhz: 2600, Mhz Limit: 2600
Processor Information for processor 3
  Max Mhz: 2600, Current Mhz: 2600, Mhz Limit: 2600
Processor Information for processor 4
  Max Mhz: 2600, Current Mhz: 2003, Mhz Limit: 2600
Processor Information for processor 5
  Max Mhz: 2600, Current Mhz: 2003, Mhz Limit: 2600
Processor Information for processor 6
  Max Mhz: 2600, Current Mhz: 2600, Mhz Limit: 2600
Processor Information for processor 7
  Max Mhz: 2600, Current Mhz: 2600, Mhz Limit: 2600

Memory: 4k page, system-wide physical 14158M (762M free)
TotalPageFile size 46922M (AvailPageFile size 18M)
current process WorkingSet (physical memory assigned to process): 11M, peak: 11M
current process commit charge ("private bytes"): 60M, peak: 282M

vm_info: OpenJDK 64-Bit Server VM (17.0.9+7-b1000.46) for windows-amd64 JRE (17.0.9+7-b1000.46), built on 2023-10-27 by "builduser" with MS VC++ 16.10 / 16.11 (VS2019)

END.
